<?xml version="1.0" encoding="UTF-8" ?>
<testsuite tests="3" failures="0" name="SupportedValuesServiceTest" time="0.001" errors="0" skipped="0">
  <properties>
    <property name="java.runtime.name" value="Java(TM) SE Runtime Environment"/>
    <property name="java.vm.version" value="17.0.5+9-LTS-191"/>
    <property name="sun.boot.library.path" value="/Users/marchel0925/.sdkman/candidates/java/17.0.5-oracle/lib"/>
    <property name="maven.multiModuleProjectDirectory" value="/Users/marchel0925/development/IDEAProjects/bta-practical"/>
    <property name="java.vm.vendor" value="Oracle Corporation"/>
    <property name="java.vendor.url" value="https://java.oracle.com/"/>
    <property name="guice.disable.misplaced.annotation.check" value="true"/>
    <property name="path.separator" value=":"/>
    <property name="java.vm.name" value="Java HotSpot(TM) 64-Bit Server VM"/>
    <property name="user.country" value="LV"/>
    <property name="sun.java.launcher" value="SUN_STANDARD"/>
    <property name="java.vm.specification.name" value="Java Virtual Machine Specification"/>
    <property name="user.dir" value="/Users/marchel0925/development/IDEAProjects/bta-practical"/>
    <property name="java.vm.compressedOopsMode" value="Zero based"/>
    <property name="java.runtime.version" value="17.0.5+9-LTS-191"/>
    <property name="os.arch" value="aarch64"/>
    <property name="java.io.tmpdir" value="/var/folders/53/s4mp31fx6tb1gk9yzm_n72sw0000gn/T/"/>
    <property name="line.separator" value="
"/>
    <property name="java.vm.specification.vendor" value="Oracle Corporation"/>
    <property name="os.name" value="Mac OS X"/>
    <property name="classworlds.conf" value="/opt/homebrew/Cellar/maven/3.8.7/libexec/bin/m2.conf"/>
    <property name="sun.jnu.encoding" value="UTF-8"/>
    <property name="java.library.path" value="/Users/marchel0925/Library/Java/Extensions:/Library/Java/Extensions:/Network/Library/Java/Extensions:/System/Library/Java/Extensions:/usr/lib/java:."/>
    <property name="maven.conf" value="/opt/homebrew/Cellar/maven/3.8.7/libexec/conf"/>
    <property name="jdk.debug" value="release"/>
    <property name="java.class.version" value="61.0"/>
    <property name="java.specification.name" value="Java Platform API Specification"/>
    <property name="sun.management.compiler" value="HotSpot 64-Bit Tiered Compilers"/>
    <property name="os.version" value="13.2.1"/>
    <property name="library.jansi.path" value="/opt/homebrew/Cellar/maven/3.8.7/libexec/lib/jansi-native"/>
    <property name="http.nonProxyHosts" value="local|*.local|169.254/16|*.169.254/16"/>
    <property name="user.home" value="/Users/marchel0925"/>
    <property name="user.timezone" value="Europe/Riga"/>
    <property name="file.encoding" value="UTF-8"/>
    <property name="java.specification.version" value="17"/>
    <property name="user.name" value="marchel0925"/>
    <property name="java.class.path" value="/opt/homebrew/Cellar/maven/3.8.7/libexec/boot/plexus-classworlds-2.6.0.jar"/>
    <property name="java.vm.specification.version" value="17"/>
    <property name="sun.arch.data.model" value="64"/>
    <property name="sun.java.command" value="org.codehaus.plexus.classworlds.launcher.Launcher clean package"/>
    <property name="java.home" value="/Users/marchel0925/.sdkman/candidates/java/17.0.5-oracle"/>
    <property name="user.language" value="en"/>
    <property name="java.specification.vendor" value="Oracle Corporation"/>
    <property name="java.vm.info" value="mixed mode, sharing"/>
    <property name="java.version" value="17.0.5"/>
    <property name="native.encoding" value="UTF-8"/>
    <property name="java.vendor" value="Oracle Corporation"/>
    <property name="sun.stderr.encoding" value="UTF-8"/>
    <property name="maven.home" value="/opt/homebrew/Cellar/maven/3.8.7/libexec"/>
    <property name="file.separator" value="/"/>
    <property name="java.version.date" value="2022-10-18"/>
    <property name="java.vendor.url.bug" value="https://bugreport.java.com/bugreport/"/>
    <property name="sun.io.unicode.encoding" value="UnicodeBig"/>
    <property name="sun.cpu.endian" value="little"/>
    <property name="sun.stdout.encoding" value="UTF-8"/>
    <property name="socksNonProxyHosts" value="local|*.local|169.254/16|*.169.254/16"/>
    <property name="ftp.nonProxyHosts" value="local|*.local|169.254/16|*.169.254/16"/>
  </properties>
  <testcase classname="SupportedValuesServiceTest" name="givenSupportedFileUrl_whenCallingIsSupported_thenReturnTrue" time="0.001"/>
  <testcase classname="SupportedValuesServiceTest" name="givenArrayOfSupportedValues_whenCallingIsSupported_thenReturnTrue" time="0"/>
  <testcase classname="SupportedValuesServiceTest" name="givenArrayOfUnsupportedValues_whenCallingIsSupported_thenReturnFalse" time="0"/>
</testsuite>